<?xml version="1.0" encoding="UTF-8"?>
<!-- Generated by org.testng.reporters.JUnitReportReporter -->
<testsuite skipped="0" hostname="ASDP1493PO01976" name="mercuryWelcomeTest.registerPageTest" tests="8" failures="1" timestamp="18 Jun 2019 10:43:51 GMT" time="33.781" errors="0">
  <testcase name="navigatetohomepage" time="7.660" classname="mercuryWelcomeTest.registerPageTest"/>
  <testcase name="enterAddress" time="0.474" classname="mercuryWelcomeTest.registerPageTest"/>
  <testcase name="enterlastname" time="0.100" classname="mercuryWelcomeTest.registerPageTest"/>
  <testcase name="enterfirstname" time="0.135" classname="mercuryWelcomeTest.registerPageTest"/>
  <testcase name="enterLogincredentials" time="21.423" classname="mercuryWelcomeTest.registerPageTest"/>
  <testcase name="enterPhoneNumberAndEmail" time="0.265" classname="mercuryWelcomeTest.registerPageTest"/>
  <testcase name="navigateToRegisterPage" time="3.614" classname="mercuryWelcomeTest.registerPageTest"/>
  <testcase name="registerCOnfirmation" time="0.110" classname="mercuryWelcomeTest.registerPageTest">
    <failure type="java.lang.AssertionError" message="Note: Your user name is bijepras. expected [Note: Your user name is bijepras.] but found [Text is Not Matching]">
      <![CDATA[java.lang.AssertionError: Note: Your user name is bijepras. expected [Note: Your user name is bijepras.] but found [Text is Not Matching]
at org.testng.Assert.fail(Assert.java:96)
at org.testng.Assert.failNotEquals(Assert.java:776)
at org.testng.Assert.assertEqualsImpl(Assert.java:137)
at org.testng.Assert.assertEquals(Assert.java:118)
at org.testng.Assert.assertEquals(Assert.java:453)
at mercuryWelcomegetPage.getPage.textMessageConfirmation(getPage.java:56)
at mercuryWelcomeActionClass.registerPageActionClass.Validateusername(registerPageActionClass.java:52)
at mercuryWelcomeTest.registerPageTest.registerCOnfirmation(registerPageTest.java:109)
at sun.reflect.NativeMethodAccessorImpl.invoke0(Native Method)
at sun.reflect.NativeMethodAccessorImpl.invoke(Unknown Source)
at sun.reflect.DelegatingMethodAccessorImpl.invoke(Unknown Source)
at java.lang.reflect.Method.invoke(Unknown Source)
at org.testng.internal.MethodInvocationHelper.invokeMethod(MethodInvocationHelper.java:124)
at org.testng.internal.Invoker.invokeMethod(Invoker.java:580)
at org.testng.internal.Invoker.invokeTestMethod(Invoker.java:716)
at org.testng.internal.Invoker.invokeTestMethods(Invoker.java:988)
at org.testng.internal.TestMethodWorker.invokeTestMethods(TestMethodWorker.java:125)
at org.testng.internal.TestMethodWorker.run(TestMethodWorker.java:109)
at org.testng.TestRunner.privateRun(TestRunner.java:648)
at org.testng.TestRunner.run(TestRunner.java:505)
at org.testng.SuiteRunner.runTest(SuiteRunner.java:455)
at org.testng.SuiteRunner.runSequentially(SuiteRunner.java:450)
at org.testng.SuiteRunner.privateRun(SuiteRunner.java:415)
at org.testng.SuiteRunner.run(SuiteRunner.java:364)
at org.testng.SuiteRunnerWorker.runSuite(SuiteRunnerWorker.java:52)
at org.testng.SuiteRunnerWorker.run(SuiteRunnerWorker.java:84)
at org.testng.TestNG.runSuitesSequentially(TestNG.java:1208)
at org.testng.TestNG.runSuitesLocally(TestNG.java:1137)
at org.testng.TestNG.runSuites(TestNG.java:1049)
at org.testng.TestNG.run(TestNG.java:1017)
at org.testng.remote.AbstractRemoteTestNG.run(AbstractRemoteTestNG.java:114)
at org.testng.remote.RemoteTestNG.initAndRun(RemoteTestNG.java:251)
at org.testng.remote.RemoteTestNG.main(RemoteTestNG.java:77)
]]>
    </failure>
  </testcase> <!-- registerCOnfirmation -->
</testsuite> <!-- mercuryWelcomeTest.registerPageTest -->
